Running with: ./build/macos-scene/output/wwb-scene-renderer --window 0x0x640x360 --silent --noautomute --no-audio-processing --disable-mouse --screenshot /Users/lyu/01_Project/01_Projects/wallpaperengine-mac-renderer/.tmp/gpl-renderer-smoke/painting-trace/painting.png --screenshot-delay 5 /Users/lyu/Library/Application Support/WorkshopWallpaperBridge/Assets/id-MjQ2ODQ4OTIyMw 
Cannot find directory for steam app wallpaper_engine: assets
Cannot find assets folder, continuing with virtual scene-only fallbacks: "/Users/lyu/01_Project/01_Projects/wallpaperengine-mac-renderer/build/macos-scene/output/assets"
SDL_OpenAudioDevice: CoreAudio error (AudioQueueStart): -66681
Loaded puppet mesh models/pecesmedianos_puppet.mdl version=MDLV0013 vertices=937 indices=4794
CText: cannot read font 'fonts/Alcubierre.otf': filesystem error: Cannot find requested file in any of the mountpoints ["/fonts/Alcubierre.otf"], falling back to system font
CText: no usable system font found
Loaded puppet mesh models/lastpez_puppet.mdl version=MDLV0013 vertices=509 indices=2526
CText: cannot read font 'fonts/Alcubierre.otf': filesystem error: Cannot find requested file in any of the mountpoints ["/fonts/Alcubierre.otf"], falling back to system font
CText: no usable system font found
Loaded puppet mesh models/fish_puppet.mdl version=MDLV0013 vertices=268 indices=1182
WARNING: Output of vertex shader 'v_TexCoord45' not read by fragment shader

Rendering image id=13 name=Muellenofish puppet=no passes=1
Rendering image id=247 name=pecesmedianos puppet=yes passes=3
Rendering image id=333 name=pezmediano2 puppet=no passes=3
Rendering image id=417 name=lastpez puppet=yes passes=2
Rendering image id=272 name=pez4 puppet=no passes=3
Rendering image id=126 name=2fish puppet=no passes=5
Rendering image id=371 name=2fish2 puppet=no passes=5
Rendering image id=159 name=fish puppet=yes passes=4
Rendering image id=346 name=Compose puppet=no passes=2
Rendering image id=194 name=Espuma puppet=no passes=2
Rendering image id=209 name=Sparkles puppet=no passes=2
Rendering image id=103 name=Muelle_sombra puppet=no passes=3
Rendering image id=318 name=Solomuelle puppet=no passes=1
Rendering image id=301 name=Paint puppet=no passes=6
Rendering image id=478 name=Girl puppet=no passes=5
Rendering image id=-1 name=bloomimagewpenginelinux puppet=no passes=5
Rendering image id=13 name=Muellenofish puppet=no passes=1
Rendering image id=247 name=pecesmedianos puppet=yes passes=3
Rendering image id=333 name=pezmediano2 puppet=no passes=3
Rendering image id=417 name=lastpez puppet=yes passes=2
Rendering image id=272 name=pez4 puppet=no passes=3
Rendering image id=126 name=2fish puppet=no passes=5
Rendering image id=371 name=2fish2 puppet=no passes=5
Rendering image id=159 name=fish puppet=yes passes=4
Rendering image id=346 name=Compose puppet=no passes=2
Rendering image id=194 name=Espuma puppet=no passes=2
Rendering image id=209 name=Sparkles puppet=no passes=2
Rendering image id=103 name=Muelle_sombra puppet=no passes=3
Rendering image id=318 name=Solomuelle puppet=no passes=1
Rendering image id=301 name=Paint puppet=no passes=6
Rendering image id=478 name=Girl puppet=no passes=5
Rendering image id=-1 name=bloomimagewpenginelinux puppet=no passes=5
Rendering image id=13 name=Muellenofish puppet=no passes=1
Rendering image id=247 name=pecesmedianos puppet=yes passes=3
Rendering image id=333 name=pezmediano2 puppet=no passes=3
Rendering image id=417 name=lastpez puppet=yes passes=2
Rendering image id=272 name=pez4 puppet=no passes=3
Rendering image id=126 name=2fish puppet=no passes=5
Rendering image id=371 name=2fish2 puppet=no passes=5
Rendering image id=159 name=fish puppet=yes passes=4
Rendering image id=346 name=Compose puppet=no passes=2
Rendering image id=194 name=Espuma puppet=no passes=2
Rendering image id=209 name=Sparkles puppet=no passes=2
Rendering image id=103 name=Muelle_sombra puppet=no passes=3
Rendering image id=318 name=Solomuelle puppet=no passes=1
Rendering image id=301 name=Paint puppet=no passes=6
Rendering image id=478 name=Girl puppet=no passes=5
Rendering image id=-1 name=bloomimagewpenginelinux puppet=no passes=5
Rendering image id=13 name=Muellenofish puppet=no passes=1
Rendering image id=247 name=pecesmedianos puppet=yes passes=3
Rendering image id=333 name=pezmediano2 puppet=no passes=3
Rendering image id=417 name=lastpez puppet=yes passes=2
Rendering image id=272 name=pez4 puppet=no passes=3
Rendering image id=126 name=2fish puppet=no passes=5
Rendering image id=371 name=2fish2 puppet=no passes=5
Rendering image id=159 name=fish puppet=yes passes=4
Rendering image id=346 name=Compose puppet=no passes=2
Rendering image id=194 name=Espuma puppet=no passes=2
Rendering image id=209 name=Sparkles puppet=no passes=2
Rendering image id=103 name=Muelle_sombra puppet=no passes=3
Rendering image id=318 name=Solomuelle puppet=no passes=1
Rendering image id=301 name=Paint puppet=no passes=6
Rendering image id=478 name=Girl puppet=no passes=5
Rendering image id=-1 name=bloomimagewpenginelinux puppet=no passes=5
Rendering image id=13 name=Muellenofish puppet=no passes=1
Rendering image id=247 name=pecesmedianos puppet=yes passes=3
Rendering image id=333 name=pezmediano2 puppet=no passes=3
Rendering image id=417 name=lastpez puppet=yes passes=2
Rendering image id=272 name=pez4 puppet=no passes=3
Rendering image id=126 name=2fish puppet=no passes=5
Rendering image id=371 name=2fish2 puppet=no passes=5
Rendering image id=159 name=fish puppet=yes passes=4
Rendering image id=346 name=Compose puppet=no passes=2
Rendering image id=194 name=Espuma puppet=no passes=2
Rendering image id=209 name=Sparkles puppet=no passes=2
Rendering image id=103 name=Muelle_sombra puppet=no passes=3
Rendering image id=318 name=Solomuelle puppet=no passes=1
Rendering image id=301 name=Paint puppet=no passes=6
Rendering image id=478 name=Girl puppet=no passes=5
Rendering image id=-1 name=bloomimagewpenginelinux puppet=no passes=5
Rendering image id=13 name=Muellenofish puppet=no passes=1
Rendering image id=247 name=pecesmedianos puppet=yes passes=3
Rendering image id=333 name=pezmediano2 puppet=no passes=3
Rendering image id=417 name=lastpez puppet=yes passes=2
Rendering image id=272 name=pez4 puppet=no passes=3
Rendering image id=126 name=2fish puppet=no passes=5
Rendering image id=371 name=2fish2 puppet=no passes=5
Rendering image id=159 name=fish puppet=yes passes=4
Rendering image id=346 name=Compose puppet=no passes=2
Rendering image id=194 name=Espuma puppet=no passes=2
Rendering image id=209 name=Sparkles puppet=no passes=2
Rendering image id=103 name=Muelle_sombra puppet=no passes=3
Rendering image id=318 name=Solomuelle puppet=no passes=1
Rendering image id=301 name=Paint puppet=no passes=6
Rendering image id=478 name=Girl puppet=no passes=5
Rendering image id=-1 name=bloomimagewpenginelinux puppet=no passes=5
Rendering image id=13 name=Muellenofish puppet=no passes=1
Rendering image id=247 name=pecesmedianos puppet=yes passes=3
Rendering image id=333 name=pezmediano2 puppet=no passes=3
Rendering image id=417 name=lastpez puppet=yes passes=2
Rendering image id=272 name=pez4 puppet=no passes=3
Rendering image id=126 name=2fish puppet=no passes=5
Rendering image id=371 name=2fish2 puppet=no passes=5
Rendering image id=159 name=fish puppet=yes passes=4
Rendering image id=346 name=Compose puppet=no passes=2
Rendering image id=194 name=Espuma puppet=no passes=2
Rendering image id=209 name=Sparkles puppet=no passes=2
Rendering image id=103 name=Muelle_sombra puppet=no passes=3
Rendering image id=318 name=Solomuelle puppet=no passes=1
Rendering image id=301 name=Paint puppet=no passes=6
Rendering image id=478 name=Girl puppet=no passes=5
Rendering image id=-1 name=bloomimagewpenginelinux puppet=no passes=5
Rendering image id=13 name=Muellenofish puppet=no passes=1
Rendering image id=247 name=pecesmedianos puppet=yes passes=3
Rendering image id=333 name=pezmediano2 puppet=no passes=3
Rendering image id=417 name=lastpez puppet=yes passes=2
Rendering image id=272 name=pez4 puppet=no passes=3
Rendering image id=126 name=2fish puppet=no passes=5
Rendering image id=371 name=2fish2 puppet=no passes=5
Rendering image id=159 name=fish puppet=yes passes=4
Rendering image id=346 name=Compose puppet=no passes=2
Rendering image id=194 name=Espuma puppet=no passes=2
Rendering image id=209 name=Sparkles puppet=no passes=2
Rendering image id=103 name=Muelle_sombra puppet=no passes=3
Rendering image id=318 name=Solomuelle puppet=no passes=1
Rendering image id=301 name=Paint puppet=no passes=6
Rendering image id=478 name=Girl puppet=no passes=5
Rendering image id=-1 name=bloomimagewpenginelinux puppet=no passes=5
Rendering image id=13 name=Muellenofish puppet=no passes=1
Rendering image id=247 name=pecesmedianos puppet=yes passes=3
Rendering image id=333 name=pezmediano2 puppet=no passes=3
Rendering image id=417 name=lastpez puppet=yes passes=2
Rendering image id=272 name=pez4 puppet=no passes=3
Rendering image id=126 name=2fish puppet=no passes=5
Rendering image id=371 name=2fish2 puppet=no passes=5
Rendering image id=159 name=fish puppet=yes passes=4
Rendering image id=346 name=Compose puppet=no passes=2
Rendering image id=194 name=Espuma puppet=no passes=2
Rendering image id=209 name=Sparkles puppet=no passes=2
Rendering image id=103 name=Muelle_sombra puppet=no passes=3
Rendering image id=318 name=Solomuelle puppet=no passes=1
Rendering image id=301 name=Paint puppet=no passes=6
Rendering image id=478 name=Girl puppet=no passes=5
Rendering image id=-1 name=bloomimagewpenginelinux puppet=no passes=5
Rendering image id=13 name=Muellenofish puppet=no passes=1
Rendering image id=247 name=pecesmedianos puppet=yes passes=3
Rendering image id=333 name=pezmediano2 puppet=no passes=3
Rendering image id=417 name=lastpez puppet=yes passes=2
Rendering image id=272 name=pez4 puppet=no passes=3
Rendering image id=126 name=2fish puppet=no passes=5
Rendering image id=371 name=2fish2 puppet=no passes=5
Rendering image id=159 name=fish puppet=yes passes=4
Rendering image id=346 name=Compose puppet=no passes=2
Rendering image id=194 name=Espuma puppet=no passes=2
Rendering image id=209 name=Sparkles puppet=no passes=2
Rendering image id=103 name=Muelle_sombra puppet=no passes=3
Rendering image id=318 name=Solomuelle puppet=no passes=1
Rendering image id=301 name=Paint puppet=no passes=6
Rendering image id=478 name=Girl puppet=no passes=5
Rendering image id=-1 name=bloomimagewpenginelinux puppet=no passes=5
Rendering image id=13 name=Muellenofish puppet=no passes=1
Rendering image id=247 name=pecesmedianos puppet=yes passes=3
Rendering image id=333 name=pezmediano2 puppet=no passes=3
Rendering image id=417 name=lastpez puppet=yes passes=2
Rendering image id=272 name=pez4 puppet=no passes=3
Rendering image id=126 name=2fish puppet=no passes=5
Rendering image id=371 name=2fish2 puppet=no passes=5
Rendering image id=159 name=fish puppet=yes passes=4
Rendering image id=346 name=Compose puppet=no passes=2
Rendering image id=194 name=Espuma puppet=no passes=2
Rendering image id=209 name=Sparkles puppet=no passes=2
Rendering image id=103 name=Muelle_sombra puppet=no passes=3
Rendering image id=318 name=Solomuelle puppet=no passes=1
Rendering image id=301 name=Paint puppet=no passes=6
Rendering image id=478 name=Girl puppet=no passes=5
Rendering image id=-1 name=bloomimagewpenginelinux puppet=no passes=5
Rendering image id=13 name=Muellenofish puppet=no passes=1
Rendering image id=247 name=pecesmedianos puppet=yes passes=3
Rendering image id=333 name=pezmediano2 puppet=no passes=3
Rendering image id=417 name=lastpez puppet=yes passes=2
Rendering image id=272 name=pez4 puppet=no passes=3
Rendering image id=126 name=2fish puppet=no passes=5
Rendering image id=371 name=2fish2 puppet=no passes=5
Rendering image id=159 name=fish puppet=yes passes=4
Rendering image id=346 name=Compose puppet=no passes=2
Rendering image id=194 name=Espuma puppet=no passes=2
Rendering image id=209 name=Sparkles puppet=no passes=2
Rendering image id=103 name=Muelle_sombra puppet=no passes=3
Rendering image id=318 name=Solomuelle puppet=no passes=1
Rendering image id=301 name=Paint puppet=no passes=6
Rendering image id=478 name=Girl puppet=no passes=5
Rendering image id=-1 name=bloomimagewpenginelinux puppet=no passes=5
Rendering image id=13 name=Muellenofish puppet=no passes=1
Rendering image id=247 name=pecesmedianos puppet=yes passes=3
Rendering image id=333 name=pezmediano2 puppet=no passes=3
Rendering image id=417 name=lastpez puppet=yes passes=2
Rendering image id=272 name=pez4 puppet=no passes=3
Rendering image id=126 name=2fish puppet=no passes=5
Rendering image id=371 name=2fish2 puppet=no passes=5
Rendering image id=159 name=fish puppet=yes passes=4
Rendering image id=346 name=Compose puppet=no passes=2
Rendering image id=194 name=Espuma puppet=no passes=2
Rendering image id=209 name=Sparkles puppet=no passes=2
Rendering image id=103 name=Muelle_sombra puppet=no passes=3
Rendering image id=318 name=Solomuelle puppet=no passes=1
Rendering image id=301 name=Paint puppet=no passes=6
Rendering image id=478 name=Girl puppet=no passes=5
Rendering image id=-1 name=bloomimagewpenginelinux puppet=no passes=5
Rendering image id=13 name=Muellenofish puppet=no passes=1
Rendering image id=247 name=pecesmedianos puppet=yes passes=3
Rendering image id=333 name=pezmediano2 puppet=no passes=3
Rendering image id=417 name=lastpez puppet=yes passes=2
Rendering image id=272 name=pez4 puppet=no passes=3
Rendering image id=126 name=2fish puppet=no passes=5
Rendering image id=371 name=2fish2 puppet=no passes=5
Rendering image id=159 name=fish puppet=yes passes=4
Rendering image id=346 name=Compose puppet=no passes=2
Rendering image id=194 name=Espuma puppet=no passes=2
Rendering image id=209 name=Sparkles puppet=no passes=2
Rendering image id=103 name=Muelle_sombra puppet=no passes=3
Rendering image id=318 name=Solomuelle puppet=no passes=1
Rendering image id=301 name=Paint puppet=no passes=6
Rendering image id=478 name=Girl puppet=no passes=5
Rendering image id=-1 name=bloomimagewpenginelinux puppet=no passes=5
Rendering image id=13 name=Muellenofish puppet=no passes=1
Rendering image id=247 name=pecesmedianos puppet=yes passes=3
Rendering image id=333 name=pezmediano2 puppet=no passes=3
Rendering image id=417 name=lastpez puppet=yes passes=2
Rendering image id=272 name=pez4 puppet=no passes=3
Rendering image id=126 name=2fish puppet=no passes=5
Rendering image id=371 name=2fish2 puppet=no passes=5
Rendering image id=159 name=fish puppet=yes passes=4
Rendering image id=346 name=Compose puppet=no passes=2
Rendering image id=194 name=Espuma puppet=no passes=2
Rendering image id=209 name=Sparkles puppet=no passes=2
Rendering image id=103 name=Muelle_sombra puppet=no passes=3
Rendering image id=318 name=Solomuelle puppet=no passes=1
Rendering image id=301 name=Paint puppet=no passes=6
Rendering image id=478 name=Girl puppet=no passes=5
Rendering image id=-1 name=bloomimagewpenginelinux puppet=no passes=5
Rendering image id=13 name=Muellenofish puppet=no passes=1
Rendering image id=247 name=pecesmedianos puppet=yes passes=3
Rendering image id=333 name=pezmediano2 puppet=no passes=3
Rendering image id=417 name=lastpez puppet=yes passes=2
Rendering image id=272 name=pez4 puppet=no passes=3
Rendering image id=126 name=2fish puppet=no passes=5
Rendering image id=371 name=2fish2 puppet=no passes=5
Rendering image id=159 name=fish puppet=yes passes=4
Rendering image id=346 name=Compose puppet=no passes=2
Rendering image id=194 name=Espuma puppet=no passes=2
Rendering image id=209 name=Sparkles puppet=no passes=2
Rendering image id=103 name=Muelle_sombra puppet=no passes=3
Rendering image id=318 name=Solomuelle puppet=no passes=1
Rendering image id=301 name=Paint puppet=no passes=6
Rendering image id=478 name=Girl puppet=no passes=5
Rendering image id=-1 name=bloomimagewpenginelinux puppet=no passes=5
Rendering image id=13 name=Muellenofish puppet=no passes=1
Rendering image id=247 name=pecesmedianos puppet=yes passes=3
Rendering image id=333 name=pezmediano2 puppet=no passes=3
Rendering image id=417 name=lastpez puppet=yes passes=2
Rendering image id=272 name=pez4 puppet=no passes=3
Rendering image id=126 name=2fish puppet=no passes=5
Rendering image id=371 name=2fish2 puppet=no passes=5
Rendering image id=159 name=fish puppet=yes passes=4
Rendering image id=346 name=Compose puppet=no passes=2
Rendering image id=194 name=Espuma puppet=no passes=2
Rendering image id=209 name=Sparkles puppet=no passes=2
Rendering image id=103 name=Muelle_sombra puppet=no passes=3
Rendering image id=318 name=Solomuelle puppet=no passes=1
Rendering image id=301 name=Paint puppet=no passes=6
Rendering image id=478 name=Girl puppet=no passes=5
Rendering image id=-1 name=bloomimagewpenginelinux puppet=no passes=5
Rendering image id=13 name=Muellenofish puppet=no passes=1
Rendering image id=247 name=pecesmedianos puppet=yes passes=3
Rendering image id=333 name=pezmediano2 puppet=no passes=3
Rendering image id=417 name=lastpez puppet=yes passes=2
Rendering image id=272 name=pez4 puppet=no passes=3
Rendering image id=126 name=2fish puppet=no passes=5
Rendering image id=371 name=2fish2 puppet=no passes=5
Rendering image id=159 name=fish puppet=yes passes=4
Rendering image id=346 name=Compose puppet=no passes=2
Rendering image id=194 name=Espuma puppet=no passes=2
Rendering image id=209 name=Sparkles puppet=no passes=2
Rendering image id=103 name=Muelle_sombra puppet=no passes=3
Rendering image id=318 name=Solomuelle puppet=no passes=1
Rendering image id=301 name=Paint puppet=no passes=6
Rendering image id=478 name=Girl puppet=no passes=5
Rendering image id=-1 name=bloomimagewpenginelinux puppet=no passes=5
Rendering image id=13 name=Muellenofish puppet=no passes=1
Rendering image id=247 name=pecesmedianos puppet=yes passes=3
Rendering image id=333 name=pezmediano2 puppet=no passes=3
Rendering image id=417 name=lastpez puppet=yes passes=2
Rendering image id=272 name=pez4 puppet=no passes=3
Rendering image id=126 name=2fish puppet=no passes=5
Rendering image id=371 name=2fish2 puppet=no passes=5
Rendering image id=159 name=fish puppet=yes passes=4
Rendering image id=346 name=Compose puppet=no passes=2
Rendering image id=194 name=Espuma puppet=no passes=2
Rendering image id=209 name=Sparkles puppet=no passes=2
Rendering image id=103 name=Muelle_sombra puppet=no passes=3
Rendering image id=318 name=Solomuelle puppet=no passes=1
Rendering image id=301 name=Paint puppet=no passes=6
Rendering image id=478 name=Girl puppet=no passes=5
Rendering image id=-1 name=bloomimagewpenginelinux puppet=no passes=5
Rendering image id=13 name=Muellenofish puppet=no passes=1
Rendering image id=247 name=pecesmedianos puppet=yes passes=3
Rendering image id=333 name=pezmediano2 puppet=no passes=3
Rendering image id=417 name=lastpez puppet=yes passes=2
Rendering image id=272 name=pez4 puppet=no passes=3
Rendering image id=126 name=2fish puppet=no passes=5
Rendering image id=371 name=2fish2 puppet=no passes=5
Rendering image id=159 name=fish puppet=yes passes=4
Rendering image id=346 name=Compose puppet=no passes=2
Rendering image id=194 name=Espuma puppet=no passes=2
Rendering image id=209 name=Sparkles puppet=no passes=2
Rendering image id=103 name=Muelle_sombra puppet=no passes=3
Rendering image id=318 name=Solomuelle puppet=no passes=1
Rendering image id=301 name=Paint puppet=no passes=6
Rendering image id=478 name=Girl puppet=no passes=5
Rendering image id=-1 name=bloomimagewpenginelinux puppet=no passes=5
Rendering image id=13 name=Muellenofish puppet=no passes=1
Rendering image id=247 name=pecesmedianos puppet=yes passes=3
Rendering image id=333 name=pezmediano2 puppet=no passes=3
Rendering image id=417 name=lastpez puppet=yes passes=2
Rendering image id=272 name=pez4 puppet=no passes=3
Rendering image id=126 name=2fish puppet=no passes=5
Rendering image id=371 name=2fish2 puppet=no passes=5
Rendering image id=159 name=fish puppet=yes passes=4
Rendering image id=346 name=Compose puppet=no passes=2
Rendering image id=194 name=Espuma puppet=no passes=2
Rendering image id=209 name=Sparkles puppet=no passes=2
Rendering image id=103 name=Muelle_sombra puppet=no passes=3
Rendering image id=318 name=Solomuelle puppet=no passes=1
Rendering image id=301 name=Paint puppet=no passes=6
Rendering image id=478 name=Girl puppet=no passes=5
Rendering image id=-1 name=bloomimagewpenginelinux puppet=no passes=5
Rendering image id=13 name=Muellenofish puppet=no passes=1
Rendering image id=247 name=pecesmedianos puppet=yes passes=3
Rendering image id=333 name=pezmediano2 puppet=no passes=3
Rendering image id=417 name=lastpez puppet=yes passes=2
Rendering image id=272 name=pez4 puppet=no passes=3
Rendering image id=126 name=2fish puppet=no passes=5
Rendering image id=371 name=2fish2 puppet=no passes=5
Rendering image id=159 name=fish puppet=yes passes=4
Rendering image id=346 name=Compose puppet=no passes=2
Rendering image id=194 name=Espuma puppet=no passes=2
Rendering image id=209 name=Sparkles puppet=no passes=2
Rendering image id=103 name=Muelle_sombra puppet=no passes=3
Rendering image id=318 name=Solomuelle puppet=no passes=1
Rendering image id=301 name=Paint puppet=no passes=6
Rendering image id=478 name=Girl puppet=no passes=5
Rendering image id=-1 name=bloomimagewpenginelinux puppet=no passes=5
Rendering image id=13 name=Muellenofish puppet=no passes=1
Rendering image id=247 name=pecesmedianos puppet=yes passes=3
Rendering image id=333 name=pezmediano2 puppet=no passes=3
Rendering image id=417 name=lastpez puppet=yes passes=2
Rendering image id=272 name=pez4 puppet=no passes=3
Rendering image id=126 name=2fish puppet=no passes=5
Rendering image id=371 name=2fish2 puppet=no passes=5
Rendering image id=159 name=fish puppet=yes passes=4
Rendering image id=346 name=Compose puppet=no passes=2
Rendering image id=194 name=Espuma puppet=no passes=2
Rendering image id=209 name=Sparkles puppet=no passes=2
Rendering image id=103 name=Muelle_sombra puppet=no passes=3
Rendering image id=318 name=Solomuelle puppet=no passes=1
Rendering image id=301 name=Paint puppet=no passes=6
Rendering image id=478 name=Girl puppet=no passes=5
Rendering image id=-1 name=bloomimagewpenginelinux puppet=no passes=5
Rendering image id=13 name=Muellenofish puppet=no passes=1
Rendering image id=247 name=pecesmedianos puppet=yes passes=3
Rendering image id=333 name=pezmediano2 puppet=no passes=3
Rendering image id=417 name=lastpez puppet=yes passes=2
Rendering image id=272 name=pez4 puppet=no passes=3
Rendering image id=126 name=2fish puppet=no passes=5
Rendering image id=371 name=2fish2 puppet=no passes=5
Rendering image id=159 name=fish puppet=yes passes=4
Rendering image id=346 name=Compose puppet=no passes=2
Rendering image id=194 name=Espuma puppet=no passes=2
Rendering image id=209 name=Sparkles puppet=no passes=2
Rendering image id=103 name=Muelle_sombra puppet=no passes=3
Rendering image id=318 name=Solomuelle puppet=no passes=1
Rendering image id=301 name=Paint puppet=no passes=6
Rendering image id=478 name=Girl puppet=no passes=5
Rendering image id=-1 name=bloomimagewpenginelinux puppet=no passes=5
Rendering image id=13 name=Muellenofish puppet=no passes=1
Rendering image id=247 name=pecesmedianos puppet=yes passes=3
Rendering image id=333 name=pezmediano2 puppet=no passes=3
Rendering image id=417 name=lastpez puppet=yes passes=2
Rendering image id=272 name=pez4 puppet=no passes=3
Rendering image id=126 name=2fish puppet=no passes=5
Rendering image id=371 name=2fish2 puppet=no passes=5
Rendering image id=159 name=fish puppet=yes passes=4
Rendering image id=346 name=Compose puppet=no passes=2
Rendering image id=194 name=Espuma puppet=no passes=2
Rendering image id=209 name=Sparkles puppet=no passes=2
Rendering image id=103 name=Muelle_sombra puppet=no passes=3
Rendering image id=318 name=Solomuelle puppet=no passes=1
Rendering image id=301 name=Paint puppet=no passes=6
Rendering image id=478 name=Girl puppet=no passes=5
Rendering image id=-1 name=bloomimagewpenginelinux puppet=no passes=5
Rendering image id=13 name=Muellenofish puppet=no passes=1
Rendering image id=247 name=pecesmedianos puppet=yes passes=3
Rendering image id=333 name=pezmediano2 puppet=no passes=3
Rendering image id=417 name=lastpez puppet=yes passes=2
Rendering image id=272 name=pez4 puppet=no passes=3
Rendering image id=126 name=2fish puppet=no passes=5
Rendering image id=371 name=2fish2 puppet=no passes=5
Rendering image id=159 name=fish puppet=yes passes=4
Rendering image id=346 name=Compose puppet=no passes=2
Rendering image id=194 name=Espuma puppet=no passes=2
Rendering image id=209 name=Sparkles puppet=no passes=2
Rendering image id=103 name=Muelle_sombra puppet=no passes=3
Rendering image id=318 name=Solomuelle puppet=no passes=1
Rendering image id=301 name=Paint puppet=no passes=6
Rendering image id=478 name=Girl puppet=no passes=5
Rendering image id=-1 name=bloomimagewpenginelinux puppet=no passes=5
Rendering image id=13 name=Muellenofish puppet=no passes=1
Rendering image id=247 name=pecesmedianos puppet=yes passes=3
Rendering image id=333 name=pezmediano2 puppet=no passes=3
Rendering image id=417 name=lastpez puppet=yes passes=2
Rendering image id=272 name=pez4 puppet=no passes=3
Rendering image id=126 name=2fish puppet=no passes=5
Rendering image id=371 name=2fish2 puppet=no passes=5
Rendering image id=159 name=fish puppet=yes passes=4
Rendering image id=346 name=Compose puppet=no passes=2
Rendering image id=194 name=Espuma puppet=no passes=2
Rendering image id=209 name=Sparkles puppet=no passes=2
Rendering image id=103 name=Muelle_sombra puppet=no passes=3
Rendering image id=318 name=Solomuelle puppet=no passes=1
Rendering image id=301 name=Paint puppet=no passes=6
Rendering image id=478 name=Girl puppet=no passes=5
Rendering image id=-1 name=bloomimagewpenginelinux puppet=no passes=5
Rendering image id=13 name=Muellenofish puppet=no passes=1
Rendering image id=247 name=pecesmedianos puppet=yes passes=3
Rendering image id=333 name=pezmediano2 puppet=no passes=3
Rendering image id=417 name=lastpez puppet=yes passes=2
Rendering image id=272 name=pez4 puppet=no passes=3
Rendering image id=126 name=2fish puppet=no passes=5
Rendering image id=371 name=2fish2 puppet=no passes=5
Rendering image id=159 name=fish puppet=yes passes=4
Rendering image id=346 name=Compose puppet=no passes=2
Rendering image id=194 name=Espuma puppet=no passes=2
Rendering image id=209 name=Sparkles puppet=no passes=2
Rendering image id=103 name=Muelle_sombra puppet=no passes=3
Rendering image id=318 name=Solomuelle puppet=no passes=1
Rendering image id=301 name=Paint puppet=no passes=6
Rendering image id=478 name=Girl puppet=no passes=5
Rendering image id=-1 name=bloomimagewpenginelinux puppet=no passes=5
Rendering image id=13 name=Muellenofish puppet=no passes=1
Rendering image id=247 name=pecesmedianos puppet=yes passes=3
Rendering image id=333 name=pezmediano2 puppet=no passes=3
Rendering image id=417 name=lastpez puppet=yes passes=2
Rendering image id=272 name=pez4 puppet=no passes=3
Rendering image id=126 name=2fish puppet=no passes=5
Rendering image id=371 name=2fish2 puppet=no passes=5
Rendering image id=159 name=fish puppet=yes passes=4
Rendering image id=346 name=Compose puppet=no passes=2
Rendering image id=194 name=Espuma puppet=no passes=2
Rendering image id=209 name=Sparkles puppet=no passes=2
Rendering image id=103 name=Muelle_sombra puppet=no passes=3
Rendering image id=318 name=Solomuelle puppet=no passes=1
Rendering image id=301 name=Paint puppet=no passes=6
Rendering image id=478 name=Girl puppet=no passes=5
Rendering image id=-1 name=bloomimagewpenginelinux puppet=no passes=5
Rendering image id=13 name=Muellenofish puppet=no passes=1
Rendering image id=247 name=pecesmedianos puppet=yes passes=3
Rendering image id=333 name=pezmediano2 puppet=no passes=3
Rendering image id=417 name=lastpez puppet=yes passes=2
Rendering image id=272 name=pez4 puppet=no passes=3
Rendering image id=126 name=2fish puppet=no passes=5
Rendering image id=371 name=2fish2 puppet=no passes=5
Rendering image id=159 name=fish puppet=yes passes=4
Rendering image id=346 name=Compose puppet=no passes=2
Rendering image id=194 name=Espuma puppet=no passes=2
Rendering image id=209 name=Sparkles puppet=no passes=2
Rendering image id=103 name=Muelle_sombra puppet=no passes=3
Rendering image id=318 name=Solomuelle puppet=no passes=1
Rendering image id=301 name=Paint puppet=no passes=6
Rendering image id=478 name=Girl puppet=no passes=5
Rendering image id=-1 name=bloomimagewpenginelinux puppet=no passes=5
Rendering image id=13 name=Muellenofish puppet=no passes=1
Rendering image id=247 name=pecesmedianos puppet=yes passes=3
Rendering image id=333 name=pezmediano2 puppet=no passes=3
Rendering image id=417 name=lastpez puppet=yes passes=2
Rendering image id=272 name=pez4 puppet=no passes=3
Rendering image id=126 name=2fish puppet=no passes=5
Rendering image id=371 name=2fish2 puppet=no passes=5
Rendering image id=159 name=fish puppet=yes passes=4
Rendering image id=346 name=Compose puppet=no passes=2
Rendering image id=194 name=Espuma puppet=no passes=2
Rendering image id=209 name=Sparkles puppet=no passes=2
Rendering image id=103 name=Muelle_sombra puppet=no passes=3
Rendering image id=318 name=Solomuelle puppet=no passes=1
Rendering image id=301 name=Paint puppet=no passes=6
Rendering image id=478 name=Girl puppet=no passes=5
Rendering image id=-1 name=bloomimagewpenginelinux puppet=no passes=5
Rendering image id=13 name=Muellenofish puppet=no passes=1
Rendering image id=247 name=pecesmedianos puppet=yes passes=3
Rendering image id=333 name=pezmediano2 puppet=no passes=3
Rendering image id=417 name=lastpez puppet=yes passes=2
Rendering image id=272 name=pez4 puppet=no passes=3
Rendering image id=126 name=2fish puppet=no passes=5
Rendering image id=371 name=2fish2 puppet=no passes=5
Rendering image id=159 name=fish puppet=yes passes=4
Rendering image id=346 name=Compose puppet=no passes=2
Rendering image id=194 name=Espuma puppet=no passes=2
Rendering image id=209 name=Sparkles puppet=no passes=2
Rendering image id=103 name=Muelle_sombra puppet=no passes=3
Rendering image id=318 name=Solomuelle puppet=no passes=1
Rendering image id=301 name=Paint puppet=no passes=6
Rendering image id=478 name=Girl puppet=no passes=5
Rendering image id=-1 name=bloomimagewpenginelinux puppet=no passes=5
Rendering image id=13 name=Muellenofish puppet=no passes=1
Rendering image id=247 name=pecesmedianos puppet=yes passes=3
Rendering image id=333 name=pezmediano2 puppet=no passes=3
Rendering image id=417 name=lastpez puppet=yes passes=2
Rendering image id=272 name=pez4 puppet=no passes=3
Rendering image id=126 name=2fish puppet=no passes=5
Rendering image id=371 name=2fish2 puppet=no passes=5
Rendering image id=159 name=fish puppet=yes passes=4
Rendering image id=346 name=Compose puppet=no passes=2
Rendering image id=194 name=Espuma puppet=no passes=2
Rendering image id=209 name=Sparkles puppet=no passes=2
Rendering image id=103 name=Muelle_sombra puppet=no passes=3
Rendering image id=318 name=Solomuelle puppet=no passes=1
Rendering image id=301 name=Paint puppet=no passes=6
Rendering image id=478 name=Girl puppet=no passes=5
Rendering image id=-1 name=bloomimagewpenginelinux puppet=no passes=5
Rendering image id=13 name=Muellenofish puppet=no passes=1
Rendering image id=247 name=pecesmedianos puppet=yes passes=3
Rendering image id=333 name=pezmediano2 puppet=no passes=3
Rendering image id=417 name=lastpez puppet=yes passes=2
Rendering image id=272 name=pez4 puppet=no passes=3
Rendering image id=126 name=2fish puppet=no passes=5
Rendering image id=371 name=2fish2 puppet=no passes=5
Rendering image id=159 name=fish puppet=yes passes=4
Rendering image id=346 name=Compose puppet=no passes=2
Rendering image id=194 name=Espuma puppet=no passes=2
Rendering image id=209 name=Sparkles puppet=no passes=2
Rendering image id=103 name=Muelle_sombra puppet=no passes=3
Rendering image id=318 name=Solomuelle puppet=no passes=1
Rendering image id=301 name=Paint puppet=no passes=6
Rendering image id=478 name=Girl puppet=no passes=5
Rendering image id=-1 name=bloomimagewpenginelinux puppet=no passes=5
Rendering image id=13 name=Muellenofish puppet=no passes=1
Rendering image id=247 name=pecesmedianos puppet=yes passes=3
Rendering image id=333 name=pezmediano2 puppet=no passes=3
Rendering image id=417 name=lastpez puppet=yes passes=2
Rendering image id=272 name=pez4 puppet=no passes=3
Rendering image id=126 name=2fish puppet=no passes=5
Rendering image id=371 name=2fish2 puppet=no passes=5
Rendering image id=159 name=fish puppet=yes passes=4
Rendering image id=346 name=Compose puppet=no passes=2
Rendering image id=194 name=Espuma puppet=no passes=2
Rendering image id=209 name=Sparkles puppet=no passes=2
Rendering image id=103 name=Muelle_sombra puppet=no passes=3
Rendering image id=318 name=Solomuelle puppet=no passes=1
Rendering image id=301 name=Paint puppet=no passes=6
Rendering image id=478 name=Girl puppet=no passes=5
Rendering image id=-1 name=bloomimagewpenginelinux puppet=no passes=5
Rendering image id=13 name=Muellenofish puppet=no passes=1
Rendering image id=247 name=pecesmedianos puppet=yes passes=3
Rendering image id=333 name=pezmediano2 puppet=no passes=3
Rendering image id=417 name=lastpez puppet=yes passes=2
Rendering image id=272 name=pez4 puppet=no passes=3
Rendering image id=126 name=2fish puppet=no passes=5
Rendering image id=371 name=2fish2 puppet=no passes=5
Rendering image id=159 name=fish puppet=yes passes=4
Rendering image id=346 name=Compose puppet=no passes=2
Rendering image id=194 name=Espuma puppet=no passes=2
Rendering image id=209 name=Sparkles puppet=no passes=2
Rendering image id=103 name=Muelle_sombra puppet=no passes=3
Rendering image id=318 name=Solomuelle puppet=no passes=1
Rendering image id=301 name=Paint puppet=no passes=6
Rendering image id=478 name=Girl puppet=no passes=5
Rendering image id=-1 name=bloomimagewpenginelinux puppet=no passes=5
Rendering image id=13 name=Muellenofish puppet=no passes=1
Rendering image id=247 name=pecesmedianos puppet=yes passes=3
Rendering image id=333 name=pezmediano2 puppet=no passes=3
Rendering image id=417 name=lastpez puppet=yes passes=2
Rendering image id=272 name=pez4 puppet=no passes=3
Rendering image id=126 name=2fish puppet=no passes=5
Rendering image id=371 name=2fish2 puppet=no passes=5
Rendering image id=159 name=fish puppet=yes passes=4
Rendering image id=346 name=Compose puppet=no passes=2
Rendering image id=194 name=Espuma puppet=no passes=2
Rendering image id=209 name=Sparkles puppet=no passes=2
Rendering image id=103 name=Muelle_sombra puppet=no passes=3
Rendering image id=318 name=Solomuelle puppet=no passes=1
Rendering image id=301 name=Paint puppet=no passes=6
Rendering image id=478 name=Girl puppet=no passes=5
Rendering image id=-1 name=bloomimagewpenginelinux puppet=no passes=5
Rendering image id=13 name=Muellenofish puppet=no passes=1
Rendering image id=247 name=pecesmedianos puppet=yes passes=3
Rendering image id=333 name=pezmediano2 puppet=no passes=3
Rendering image id=417 name=lastpez puppet=yes passes=2
Rendering image id=272 name=pez4 puppet=no passes=3
Rendering image id=126 name=2fish puppet=no passes=5
Rendering image id=371 name=2fish2 puppet=no passes=5
Rendering image id=159 name=fish puppet=yes passes=4
Rendering image id=346 name=Compose puppet=no passes=2
Rendering image id=194 name=Espuma puppet=no passes=2
Rendering image id=209 name=Sparkles puppet=no passes=2
Rendering image id=103 name=Muelle_sombra puppet=no passes=3
Rendering image id=318 name=Solomuelle puppet=no passes=1
Rendering image id=301 name=Paint puppet=no passes=6
Rendering image id=478 name=Girl puppet=no passes=5
Rendering image id=-1 name=bloomimagewpenginelinux puppet=no passes=5
Rendering image id=13 name=Muellenofish puppet=no passes=1
Rendering image id=247 name=pecesmedianos puppet=yes passes=3
Rendering image id=333 name=pezmediano2 puppet=no passes=3
Rendering image id=417 name=lastpez puppet=yes passes=2
Rendering image id=272 name=pez4 puppet=no passes=3
Rendering image id=126 name=2fish puppet=no passes=5
Rendering image id=371 name=2fish2 puppet=no passes=5
Rendering image id=159 name=fish puppet=yes passes=4
Rendering image id=346 name=Compose puppet=no passes=2
Rendering image id=194 name=Espuma puppet=no passes=2
Rendering image id=209 name=Sparkles puppet=no passes=2
Rendering image id=103 name=Muelle_sombra puppet=no passes=3
Rendering image id=318 name=Solomuelle puppet=no passes=1
Rendering image id=301 name=Paint puppet=no passes=6
Rendering image id=478 name=Girl puppet=no passes=5
Rendering image id=-1 name=bloomimagewpenginelinux puppet=no passes=5
Rendering image id=13 name=Muellenofish puppet=no passes=1
Rendering image id=247 name=pecesmedianos puppet=yes passes=3
Rendering image id=333 name=pezmediano2 puppet=no passes=3
Rendering image id=417 name=lastpez puppet=yes passes=2
Rendering image id=272 name=pez4 puppet=no passes=3
Rendering image id=126 name=2fish puppet=no passes=5
Rendering image id=371 name=2fish2 puppet=no passes=5
Rendering image id=159 name=fish puppet=yes passes=4
Rendering image id=346 name=Compose puppet=no passes=2
Rendering image id=194 name=Espuma puppet=no passes=2
Rendering image id=209 name=Sparkles puppet=no passes=2
Rendering image id=103 name=Muelle_sombra puppet=no passes=3
Rendering image id=318 name=Solomuelle puppet=no passes=1
Rendering image id=301 name=Paint puppet=no passes=6
Rendering image id=478 name=Girl puppet=no passes=5
Rendering image id=-1 name=bloomimagewpenginelinux puppet=no passes=5
Rendering image id=13 name=Muellenofish puppet=no passes=1
Rendering image id=247 name=pecesmedianos puppet=yes passes=3
Rendering image id=333 name=pezmediano2 puppet=no passes=3
Rendering image id=417 name=lastpez puppet=yes passes=2
Rendering image id=272 name=pez4 puppet=no passes=3
Rendering image id=126 name=2fish puppet=no passes=5
Rendering image id=371 name=2fish2 puppet=no passes=5
Rendering image id=159 name=fish puppet=yes passes=4
Rendering image id=346 name=Compose puppet=no passes=2
Rendering image id=194 name=Espuma puppet=no passes=2
Rendering image id=209 name=Sparkles puppet=no passes=2
Rendering image id=103 name=Muelle_sombra puppet=no passes=3
Rendering image id=318 name=Solomuelle puppet=no passes=1
Rendering image id=301 name=Paint puppet=no passes=6
Rendering image id=478 name=Girl puppet=no passes=5
Rendering image id=-1 name=bloomimagewpenginelinux puppet=no passes=5
Rendering image id=13 name=Muellenofish puppet=no passes=1
Rendering image id=247 name=pecesmedianos puppet=yes passes=3
Rendering image id=333 name=pezmediano2 puppet=no passes=3
Rendering image id=417 name=lastpez puppet=yes passes=2
Rendering image id=272 name=pez4 puppet=no passes=3
Rendering image id=126 name=2fish puppet=no passes=5
Rendering image id=371 name=2fish2 puppet=no passes=5
Rendering image id=159 name=fish puppet=yes passes=4
Rendering image id=346 name=Compose puppet=no passes=2
Rendering image id=194 name=Espuma puppet=no passes=2
Rendering image id=209 name=Sparkles puppet=no passes=2
Rendering image id=103 name=Muelle_sombra puppet=no passes=3
Rendering image id=318 name=Solomuelle puppet=no passes=1
Rendering image id=301 name=Paint puppet=no passes=6
Rendering image id=478 name=Girl puppet=no passes=5
Rendering image id=-1 name=bloomimagewpenginelinux puppet=no passes=5
Rendering image id=13 name=Muellenofish puppet=no passes=1
Rendering image id=247 name=pecesmedianos puppet=yes passes=3
Rendering image id=333 name=pezmediano2 puppet=no passes=3
Rendering image id=417 name=lastpez puppet=yes passes=2
Rendering image id=272 name=pez4 puppet=no passes=3
Rendering image id=126 name=2fish puppet=no passes=5
Rendering image id=371 name=2fish2 puppet=no passes=5
Rendering image id=159 name=fish puppet=yes passes=4
Rendering image id=346 name=Compose puppet=no passes=2
Rendering image id=194 name=Espuma puppet=no passes=2
Rendering image id=209 name=Sparkles puppet=no passes=2
Rendering image id=103 name=Muelle_sombra puppet=no passes=3
Rendering image id=318 name=Solomuelle puppet=no passes=1
Rendering image id=301 name=Paint puppet=no passes=6
Rendering image id=478 name=Girl puppet=no passes=5
Rendering image id=-1 name=bloomimagewpenginelinux puppet=no passes=5
Rendering image id=13 name=Muellenofish puppet=no passes=1
Rendering image id=247 name=pecesmedianos puppet=yes passes=3
Rendering image id=333 name=pezmediano2 puppet=no passes=3
Rendering image id=417 name=lastpez puppet=yes passes=2
Rendering image id=272 name=pez4 puppet=no passes=3
Rendering image id=126 name=2fish puppet=no passes=5
Rendering image id=371 name=2fish2 puppet=no passes=5
Rendering image id=159 name=fish puppet=yes passes=4
Rendering image id=346 name=Compose puppet=no passes=2
Rendering image id=194 name=Espuma puppet=no passes=2
Rendering image id=209 name=Sparkles puppet=no passes=2
Rendering image id=103 name=Muelle_sombra puppet=no passes=3
Rendering image id=318 name=Solomuelle puppet=no passes=1
Rendering image id=301 name=Paint puppet=no passes=6
Rendering image id=478 name=Girl puppet=no passes=5
Rendering image id=-1 name=bloomimagewpenginelinux puppet=no passes=5
Rendering image id=13 name=Muellenofish puppet=no passes=1
Rendering image id=247 name=pecesmedianos puppet=yes passes=3
Rendering image id=333 name=pezmediano2 puppet=no passes=3
Rendering image id=417 name=lastpez puppet=yes passes=2
Rendering image id=272 name=pez4 puppet=no passes=3
Rendering image id=126 name=2fish puppet=no passes=5
Rendering image id=371 name=2fish2 puppet=no passes=5
Rendering image id=159 name=fish puppet=yes passes=4
Rendering image id=346 name=Compose puppet=no passes=2
Rendering image id=194 name=Espuma puppet=no passes=2
Rendering image id=209 name=Sparkles puppet=no passes=2
Rendering image id=103 name=Muelle_sombra puppet=no passes=3
Rendering image id=318 name=Solomuelle puppet=no passes=1
Rendering image id=301 name=Paint puppet=no passes=6
Rendering image id=478 name=Girl puppet=no passes=5
Rendering image id=-1 name=bloomimagewpenginelinux puppet=no passes=5
Rendering image id=13 name=Muellenofish puppet=no passes=1
Rendering image id=247 name=pecesmedianos puppet=yes passes=3
Rendering image id=333 name=pezmediano2 puppet=no passes=3
Rendering image id=417 name=lastpez puppet=yes passes=2
Rendering image id=272 name=pez4 puppet=no passes=3
Rendering image id=126 name=2fish puppet=no passes=5
Rendering image id=371 name=2fish2 puppet=no passes=5
Rendering image id=159 name=fish puppet=yes passes=4
Rendering image id=346 name=Compose puppet=no passes=2
Rendering image id=194 name=Espuma puppet=no passes=2
Rendering image id=209 name=Sparkles puppet=no passes=2
Rendering image id=103 name=Muelle_sombra puppet=no passes=3
Rendering image id=318 name=Solomuelle puppet=no passes=1
Rendering image id=301 name=Paint puppet=no passes=6
Rendering image id=478 name=Girl puppet=no passes=5
Rendering image id=-1 name=bloomimagewpenginelinux puppet=no passes=5
Rendering image id=13 name=Muellenofish puppet=no passes=1
Rendering image id=247 name=pecesmedianos puppet=yes passes=3
Rendering image id=333 name=pezmediano2 puppet=no passes=3
Rendering image id=417 name=lastpez puppet=yes passes=2
Rendering image id=272 name=pez4 puppet=no passes=3
Rendering image id=126 name=2fish puppet=no passes=5
Rendering image id=371 name=2fish2 puppet=no passes=5
Rendering image id=159 name=fish puppet=yes passes=4
Rendering image id=346 name=Compose puppet=no passes=2
Rendering image id=194 name=Espuma puppet=no passes=2
Rendering image id=209 name=Sparkles puppet=no passes=2
Rendering image id=103 name=Muelle_sombra puppet=no passes=3
Rendering image id=318 name=Solomuelle puppet=no passes=1
Rendering image id=301 name=Paint puppet=no passes=6
Rendering image id=478 name=Girl puppet=no passes=5
Rendering image id=-1 name=bloomimagewpenginelinux puppet=no passes=5
Rendering image id=13 name=Muellenofish puppet=no passes=1
Rendering image id=247 name=pecesmedianos puppet=yes passes=3
Rendering image id=333 name=pezmediano2 puppet=no passes=3
Rendering image id=417 name=lastpez puppet=yes passes=2
Rendering image id=272 name=pez4 puppet=no passes=3
Rendering image id=126 name=2fish puppet=no passes=5
Rendering image id=371 name=2fish2 puppet=no passes=5
Rendering image id=159 name=fish puppet=yes passes=4
Rendering image id=346 name=Compose puppet=no passes=2
Rendering image id=194 name=Espuma puppet=no passes=2
Rendering image id=209 name=Sparkles puppet=no passes=2
Rendering image id=103 name=Muelle_sombra puppet=no passes=3
Rendering image id=318 name=Solomuelle puppet=no passes=1
Rendering image id=301 name=Paint puppet=no passes=6
Rendering image id=478 name=Girl puppet=no passes=5
Rendering image id=-1 name=bloomimagewpenginelinux puppet=no passes=5
Rendering image id=13 name=Muellenofish puppet=no passes=1
Rendering image id=247 name=pecesmedianos puppet=yes passes=3
Rendering image id=333 name=pezmediano2 puppet=no passes=3
Rendering image id=417 name=lastpez puppet=yes passes=2
Rendering image id=272 name=pez4 puppet=no passes=3
Rendering image id=126 name=2fish puppet=no passes=5
Rendering image id=371 name=2fish2 puppet=no passes=5
Rendering image id=159 name=fish puppet=yes passes=4
Rendering image id=346 name=Compose puppet=no passes=2
Rendering image id=194 name=Espuma puppet=no passes=2
Rendering image id=209 name=Sparkles puppet=no passes=2
Rendering image id=103 name=Muelle_sombra puppet=no passes=3
Rendering image id=318 name=Solomuelle puppet=no passes=1
Rendering image id=301 name=Paint puppet=no passes=6
Rendering image id=478 name=Girl puppet=no passes=5
Rendering image id=-1 name=bloomimagewpenginelinux puppet=no passes=5
Rendering image id=13 name=Muellenofish puppet=no passes=1
Rendering image id=247 name=pecesmedianos puppet=yes passes=3
Rendering image id=333 name=pezmediano2 puppet=no passes=3
Rendering image id=417 name=lastpez puppet=yes passes=2
Rendering image id=272 name=pez4 puppet=no passes=3
Rendering image id=126 name=2fish puppet=no passes=5
Rendering image id=371 name=2fish2 puppet=no passes=5
Rendering image id=159 name=fish puppet=yes passes=4
Rendering image id=346 name=Compose puppet=no passes=2
Rendering image id=194 name=Espuma puppet=no passes=2
Rendering image id=209 name=Sparkles puppet=no passes=2
Rendering image id=103 name=Muelle_sombra puppet=no passes=3
Rendering image id=318 name=Solomuelle puppet=no passes=1
Rendering image id=301 name=Paint puppet=no passes=6
Rendering image id=478 name=Girl puppet=no passes=5
Rendering image id=-1 name=bloomimagewpenginelinux puppet=no passes=5
Stop requested by signal 15
Stop requested by signal 15
Stopping
libc++abi: terminating due to uncaught exception of type std::__1::system_error: mutex lock failed: Invalid argument
